<?xml version="1.0" encoding="UTF-8"?>
<testsuite xmlns:xsi="http://www.w3.org/2001/XMLSchema-instance" xsi:noNamespaceSchemaLocation="https://maven.apache.org/surefire/maven-surefire-plugin/xsd/surefire-test-report-3.0.xsd" version="3.0" name="Create a vehicle as a store manager" time="24.128" tests="4" errors="1" skipped="0" failures="0">
  <properties>
[...]
</properties>
  <testcase name="user should be able to: click on create a car, click on cancel a car" classname="Create a vehicle as a store manager" time="8.875">
    <system-out><![CDATA[Jul 28, 2022 9:51:13 AM net.masterthought.cucumber.ReportParser parseJsonFiles
INFO: File 'C:\Users\oleks\AppData\Local\Temp\cucumber16045534037248028805.json' contains 1 features

&amp#27;[32m&amp#27;[1m┌──────────────────────────────────────────────────────────────────────────┐&amp#27;[0m
&amp#27;[32m&amp#27;[1m│&amp#27;[0m View your Cucumber Report at:                                            &amp#27;[32m&amp#27;[1m│&amp#27;[0m
&amp#27;[32m&amp#27;[1m│&amp#27;[0m &amp#27;[1m&amp#27;[36m&amp#27;[4mhttps://reports.cucumber.io/reports/09c42a2e-aa48-4ea5-9c91-18c40eb481f2&amp#27;[0m &amp#27;[32m&amp#27;[1m│&amp#27;[0m
&amp#27;[32m&amp#27;[1m│&amp#27;[0m                                                                          &amp#27;[32m&amp#27;[1m│&amp#27;[0m
&amp#27;[32m&amp#27;[1m│&amp#27;[0m &amp#27;[1mThis report will self-destruct in 24h.&amp#27;[0m                                   &amp#27;[32m&amp#27;[1m│&amp#27;[0m
&amp#27;[32m&amp#27;[1m│&amp#27;[0m Keep reports forever: &amp#27;[4m&amp#27;[1m&amp#27;[36mhttps://reports.cucumber.io/profile&amp#27;[0m                &amp#27;[32m&amp#27;[1m│&amp#27;[0m
&amp#27;[32m&amp#27;[1m└──────────────────────────────────────────────────────────────────────────┘&amp#27;[0m

@smoke @S2.1
Scenario: user should be able to: click on create a car, click on cancel a car &amp#27;[90m# src/test/resources/VyTrack_Features/US2.1_StoreManager.feature:4&amp#27;[0m
  &amp#27;[32mGiven &amp#27;[0m&amp#27;[32muser enters login information as a Store Manager&amp#27;[0m                       &amp#27;[90m# com.cydeo.step_definitions.US02_StoreManager.user_enters_login_information_as_a_store_manager()&amp#27;[0m
  &amp#27;[32mWhen &amp#27;[0m&amp#27;[32muser navigates to Fleet module as a Store Manager&amp#27;[0m                       &amp#27;[90m# com.cydeo.step_definitions.US02_StoreManager.user_navigates_to_fleet_module_as_a_store_manager()&amp#27;[0m
  &amp#27;[32mAnd &amp#27;[0m&amp#27;[32muser clicks on Vehicles&amp#27;[0m                                                  &amp#27;[90m# com.cydeo.step_definitions.US02_StoreManager.user_clicks_on_vehicles()&amp#27;[0m
  &amp#27;[32mAnd &amp#27;[0m&amp#27;[32muser clicks on create a car&amp#27;[0m                                              &amp#27;[90m# com.cydeo.step_definitions.US02_StoreManager.user_clicks_on_create_a_car()&amp#27;[0m
  &amp#27;[32mAnd &amp#27;[0m&amp#27;[32muser clicks on a cancel&amp#27;[0m                                                  &amp#27;[90m# com.cydeo.step_definitions.US02_StoreManager.user_clicks_on_a_cancel()&amp#27;[0m
  &amp#27;[32mThen &amp#27;[0m&amp#27;[32muser is on create-a-car page&amp#27;[0m                                            &amp#27;[90m# com.cydeo.step_definitions.US02_StoreManager.user_is_on_create_a_car_page()&amp#27;[0m
]]></system-out>
    <system-err><![CDATA[SLF4J: Failed to load class "org.slf4j.impl.StaticLoggerBinder".
SLF4J: Defaulting to no-operation (NOP) logger implementation
SLF4J: See http://www.slf4j.org/codes.html#StaticLoggerBinder for further details.
Starting ChromeDriver 103.0.5060.134 (8ec6fce403b3feb0869b0732eda8bd95011d333c-refs/branch-heads/5060@{#1262}) on port 15035
Only local connections are allowed.
Please see https://chromedriver.chromium.org/security-considerations for suggestions on keeping ChromeDriver safe.
ChromeDriver was started successfully.
Jul 28, 2022 9:50:51 AM org.openqa.selenium.remote.ProtocolHandshake createSession
INFO: Detected dialect: W3C
]]></system-err>
  </testcase>
  <testcase name="user should be able to: create a car, add Vehicle module, add Vehicle make, save and close" classname="Create a vehicle as a store manager" time="12.473">
    <error message="stale element reference: element is not attached to the page document&#10;  (Session info: chrome=103.0.5060.134)&#10;For documentation on this error, please visit: https://www.seleniumhq.org/exceptions/stale_element_reference.html&#10;Build info: version: &apos;3.141.59&apos;, revision: &apos;e82be7d358&apos;, time: &apos;2018-11-14T08:17:03&apos;&#10;System info: host: &apos;DESKTOP-8IB078Q&apos;, ip: &apos;192.168.0.133&apos;, os.name: &apos;Windows 10&apos;, os.arch: &apos;amd64&apos;, os.version: &apos;10.0&apos;, java.version: &apos;11.0.12&apos;&#10;Driver info: org.openqa.selenium.chrome.ChromeDriver&#10;Capabilities {acceptInsecureCerts: false, browserName: chrome, browserVersion: 103.0.5060.134, chrome: {chromedriverVersion: 103.0.5060.134 (8ec6fce403b..., userDataDir: C:\Users\oleks\AppData\Loca...}, goog:chromeOptions: {debuggerAddress: localhost:52962}, javascriptEnabled: true, networkConnectionEnabled: false, pageLoadStrategy: normal, platform: WINDOWS, platformName: WINDOWS, proxy: Proxy(), setWindowRect: true, strictFileInteractability: false, timeouts: {implicit: 0, pageLoad: 300000, script: 30000}, unhandledPromptBehavior: dismiss and notify, webauthn:extension:credBlob: true, webauthn:extension:largeBlob: true, webauthn:virtualAuthenticators: true}&#10;Session ID: 9830b2d2b34b92382275a3286d979980" type="org.openqa.selenium.StaleElementReferenceException"><![CDATA[org.openqa.selenium.StaleElementReferenceException: 
stale element reference: element is not attached to the page document
  (Session info: chrome=103.0.5060.134)
For documentation on this error, please visit: https://www.seleniumhq.org/exceptions/stale_element_reference.html
Build info: version: '3.141.59', revision: 'e82be7d358', time: '2018-11-14T08:17:03'
System info: host: 'DESKTOP-8IB078Q', ip: '192.168.0.133', os.name: 'Windows 10', os.arch: 'amd64', os.version: '10.0', java.version: '11.0.12'
Driver info: org.openqa.selenium.chrome.ChromeDriver
Capabilities {acceptInsecureCerts: false, browserName: chrome, browserVersion: 103.0.5060.134, chrome: {chromedriverVersion: 103.0.5060.134 (8ec6fce403b..., userDataDir: C:\Users\oleks\AppData\Loca...}, goog:chromeOptions: {debuggerAddress: localhost:52962}, javascriptEnabled: true, networkConnectionEnabled: false, pageLoadStrategy: normal, platform: WINDOWS, platformName: WINDOWS, proxy: Proxy(), setWindowRect: true, strictFileInteractability: false, timeouts: {implicit: 0, pageLoad: 300000, script: 30000}, unhandledPromptBehavior: dismiss and notify, webauthn:extension:credBlob: true, webauthn:extension:largeBlob: true, webauthn:virtualAuthenticators: true}
Session ID: 9830b2d2b34b92382275a3286d979980
]]></error>
    <system-out><![CDATA[
@smoke @S2.2
Scenario: user should be able to: create a car, add Vehicle module, add Vehicle make, save and close &amp#27;[90m# src/test/resources/VyTrack_Features/US2.1_StoreManager.feature:13&amp#27;[0m
  &amp#27;[32mGiven &amp#27;[0m&amp#27;[32muser enters login information as a Store Manager&amp#27;[0m                                             &amp#27;[90m# com.cydeo.step_definitions.US02_StoreManager.user_enters_login_information_as_a_store_manager()&amp#27;[0m
  &amp#27;[32mWhen &amp#27;[0m&amp#27;[32muser navigates to Fleet module as a Store Manager&amp#27;[0m                                             &amp#27;[90m# com.cydeo.step_definitions.US02_StoreManager.user_navigates_to_fleet_module_as_a_store_manager()&amp#27;[0m
  &amp#27;[32mAnd &amp#27;[0m&amp#27;[32muser clicks on Vehicles&amp#27;[0m                                                                        &amp#27;[90m# com.cydeo.step_definitions.US02_StoreManager.user_clicks_on_vehicles()&amp#27;[0m
  &amp#27;[32mAnd &amp#27;[0m&amp#27;[32muser clicks on create a car&amp#27;[0m                                                                    &amp#27;[90m# com.cydeo.step_definitions.US02_StoreManager.user_clicks_on_create_a_car()&amp#27;[0m
  &amp#27;[31mWhen &amp#27;[0m&amp#27;[31muser creates a car with Vehicle module and make&amp#27;[0m                                               &amp#27;[90m# com.cydeo.step_definitions.US02_StoreManager.user_creates_a_car_with_vehicle_module_and_make()&amp#27;[0m
      &amp#27;[31morg.openqa.selenium.StaleElementReferenceException: stale element reference: element is not attached to the page document
  (Session info: chrome=103.0.5060.134)
For documentation on this error, please visit: https://www.seleniumhq.org/exceptions/stale_element_reference.html
Build info: version: '3.141.59', revision: 'e82be7d358', time: '2018-11-14T08:17:03'
System info: host: 'DESKTOP-8IB078Q', ip: '192.168.0.133', os.name: 'Windows 10', os.arch: 'amd64', os.version: '10.0', java.version: '11.0.12'
Driver info: org.openqa.selenium.chrome.ChromeDriver
Capabilities {acceptInsecureCerts: false, browserName: chrome, browserVersion: 103.0.5060.134, chrome: {chromedriverVersion: 103.0.5060.134 (8ec6fce403b..., userDataDir: C:\Users\oleks\AppData\Loca...}, goog:chromeOptions: {debuggerAddress: localhost:52962}, javascriptEnabled: true, networkConnectionEnabled: false, pageLoadStrategy: normal, platform: WINDOWS, platformName: WINDOWS, proxy: Proxy(), setWindowRect: true, strictFileInteractability: false, timeouts: {implicit: 0, pageLoad: 300000, script: 30000}, unhandledPromptBehavior: dismiss and notify, webauthn:extension:credBlob: true, webauthn:extension:largeBlob: true, webauthn:virtualAuthenticators: true}
Session ID: 9830b2d2b34b92382275a3286d979980
	at java.base/jdk.internal.reflect.NativeConstructorAccessorImpl.newInstance0(Native Method)
	at java.base/jdk.internal.reflect.NativeConstructorAccessorImpl.newInstance(NativeConstructorAccessorImpl.java:62)
	at java.base/jdk.internal.reflect.DelegatingConstructorAccessorImpl.newInstance(DelegatingConstructorAccessorImpl.java:45)
	at java.base/java.lang.reflect.Constructor.newInstance(Constructor.java:490)
	at org.openqa.selenium.remote.http.W3CHttpResponseCodec.createException(W3CHttpResponseCodec.java:187)
	at org.openqa.selenium.remote.http.W3CHttpResponseCodec.decode(W3CHttpResponseCodec.java:122)
	at org.openqa.selenium.remote.http.W3CHttpResponseCodec.decode(W3CHttpResponseCodec.java:49)
	at org.openqa.selenium.remote.HttpCommandExecutor.execute(HttpCommandExecutor.java:158)
	at org.openqa.selenium.remote.service.DriverCommandExecutor.execute(DriverCommandExecutor.java:83)
	at org.openqa.selenium.remote.RemoteWebDriver.execute(RemoteWebDriver.java:552)
	at org.openqa.selenium.remote.RemoteWebElement.execute(RemoteWebElement.java:285)
	at org.openqa.selenium.remote.RemoteWebElement.click(RemoteWebElement.java:84)
	at jdk.internal.reflect.GeneratedMethodAccessor66.invoke(Unknown Source)
	at java.base/jdk.internal.reflect.DelegatingMethodAccessorImpl.invoke(DelegatingMethodAccessorImpl.java:43)
	at java.base/java.lang.reflect.Method.invoke(Method.java:566)
	at org.openqa.selenium.support.pagefactory.internal.LocatingElementHandler.invoke(LocatingElementHandler.java:51)
	at com.sun.proxy.$Proxy20.click(Unknown Source)
	at com.cydeo.step_definitions.US02_StoreManager.user_creates_a_car_with_vehicle_module_and_make(US02_StoreManager.java:109)
	at вњЅ.user creates a car with Vehicle module and make(file:///C:/Users/oleks/IdeaProjects/VyTrack/src/test/resources/VyTrack_Features/US2.1_StoreManager.feature:18)
&amp#27;[0m
  &amp#27;[36mAnd &amp#27;[0m&amp#27;[36muser clicks on Create car&amp#27;[0m                                                                      &amp#27;[90m# com.cydeo.step_definitions.US02_StoreManager.user_clicks_on_create_car()&amp#27;[0m
  &amp#27;[36mThen &amp#27;[0m&amp#27;[36muser is on all-cars page where new car is listed&amp#27;[0m                                              &amp#27;[90m# com.cydeo.step_definitions.US02_StoreManager.user_is_on_all_cars_page_where_new_car_is_listed()&amp#27;[0m

    Embedding user should be able to: create a car, add Vehicle module, add Vehicle make, save and close [image/jpeg 93275 bytes]

]]></system-out>
    <system-err><![CDATA[Starting ChromeDriver 103.0.5060.134 (8ec6fce403b3feb0869b0732eda8bd95011d333c-refs/branch-heads/5060@{#1262}) on port 2209
Only local connections are allowed.
Please see https://chromedriver.chromium.org/security-considerations for suggestions on keeping ChromeDriver safe.
ChromeDriver was started successfully.
Jul 28, 2022 9:50:58 AM org.openqa.selenium.remote.ProtocolHandshake createSession
INFO: Detected dialect: W3C
]]></system-err>
  </testcase>
  <testcase name="user should be able to: edit a car" classname="Create a vehicle as a store manager" time="1.409">
    <system-out><![CDATA[
@smoke @S2.3
Scenario: user should be able to: edit a car                               &amp#27;[90m# src/test/resources/VyTrack_Features/US2.1_StoreManager.feature:24&amp#27;[0m
  &amp#27;[32mGiven &amp#27;[0m&amp#27;[32muser clicks on created car&amp#27;[0m                                         &amp#27;[90m# com.cydeo.step_definitions.US02_StoreManager.user_clicks_on_created_car()&amp#27;[0m
  &amp#27;[32mWhen &amp#27;[0m&amp#27;[32muser clicks on edit&amp#27;[0m                                                 &amp#27;[90m# com.cydeo.step_definitions.US02_StoreManager.user_clicks_on_edit()&amp#27;[0m
  &amp#27;[32mAnd &amp#27;[0m&amp#27;[32muser is taken to car preferences where user edits the car parameters&amp#27;[0m &amp#27;[90m# com.cydeo.step_definitions.US02_StoreManager.user_is_taken_to_car_preferences_where_user_edits_the_car_parameters()&amp#27;[0m
  &amp#27;[32mAnd &amp#27;[0m&amp#27;[32muser clicks on save-and-close&amp#27;[0m                                        &amp#27;[90m# com.cydeo.step_definitions.US02_StoreManager.user_clicks_on_save_and_close()&amp#27;[0m
  &amp#27;[32mThen &amp#27;[0m&amp#27;[32muser should see msg:Entity saved&amp#27;[0m                                    &amp#27;[90m# com.cydeo.step_definitions.US02_StoreManager.userShouldSeeMsgEntitySaved()&amp#27;[0m
]]></system-out>
    <system-err><![CDATA[Starting ChromeDriver 103.0.5060.134 (8ec6fce403b3feb0869b0732eda8bd95011d333c-refs/branch-heads/5060@{#1262}) on port 31879
Only local connections are allowed.
Please see https://chromedriver.chromium.org/security-considerations for suggestions on keeping ChromeDriver safe.
ChromeDriver was started successfully.
Jul 28, 2022 9:51:10 AM org.openqa.selenium.remote.ProtocolHandshake createSession
INFO: Detected dialect: W3C
]]></system-err>
  </testcase>
  <testcase name="user should be able to: delete a car" classname="Create a vehicle as a store manager" time="1.369">
    <system-out><![CDATA[
@smoke @S2.4
Scenario: user should be able to: delete a car                 &amp#27;[90m# src/test/resources/VyTrack_Features/US2.1_StoreManager.feature:33&amp#27;[0m
  &amp#27;[32mGiven &amp#27;[0m&amp#27;[32muser clicks on created car&amp#27;[0m                             &amp#27;[90m# com.cydeo.step_definitions.US02_StoreManager.user_clicks_on_created_car()&amp#27;[0m
  &amp#27;[32mWhen &amp#27;[0m&amp#27;[32muser clicks on delete car&amp#27;[0m                               &amp#27;[90m# com.cydeo.step_definitions.US02_StoreManager.user_clicks_on_delete_car()&amp#27;[0m
  &amp#27;[32mWhen &amp#27;[0m&amp#27;[32mpop up will display &amp#27;[0m&amp#27;[32m&amp#27;[1m2&amp#27;[0m&amp#27;[32m options&amp#27;[0m                           &amp#27;[90m# com.cydeo.step_definitions.US02_StoreManager.pop_up_will_display_options(java.lang.Integer)&amp#27;[0m
  &amp#27;[32mAnd &amp#27;[0m&amp#27;[32muser click on Yes, delete&amp#27;[0m                                &amp#27;[90m# com.cydeo.step_definitions.US02_StoreManager.user_click_on_yes_delete()&amp#27;[0m
  &amp#27;[32mThen &amp#27;[0m&amp#27;[32mcar is deleted and is no longer on the list of all cars&amp#27;[0m &amp#27;[90m# com.cydeo.step_definitions.US02_StoreManager.car_is_deleted_and_is_no_longer_on_the_list_of_all_cars()&amp#27;[0m
]]></system-out>
    <system-err><![CDATA[Starting ChromeDriver 103.0.5060.134 (8ec6fce403b3feb0869b0732eda8bd95011d333c-refs/branch-heads/5060@{#1262}) on port 32403
Only local connections are allowed.
Please see https://chromedriver.chromium.org/security-considerations for suggestions on keeping ChromeDriver safe.
ChromeDriver was started successfully.
Jul 28, 2022 9:51:12 AM org.openqa.selenium.remote.ProtocolHandshake createSession
INFO: Detected dialect: W3C
]]></system-err>
  </testcase>
</testsuite>